<?xml version="1.0" encoding="UTF-8"?>
<testng-results skipped="0" failed="0" ignored="3" total="4" passed="1">
  <reporter-output>
  </reporter-output>
  <suite name="RegressionSuite" duration-ms="4785" started-at="2023-03-02T06:32:21Z" finished-at="2023-03-02T06:32:26Z">
    <groups>
    </groups>
    <test name="RegressionTest" duration-ms="4785" started-at="2023-03-02T06:32:21Z" finished-at="2023-03-02T06:32:26Z">
      <class name="Flows.Markdown">
        <test-method status="PASS" signature="Markdown_BC()[pri:0, instance:Flows.Markdown@56ef9176]" name="Markdown_BC" is-config="true" duration-ms="9" started-at="2023-03-02T06:32:21Z" finished-at="2023-03-02T06:32:21Z">
          <reporter-output>
          </reporter-output>
        </test-method> <!-- Markdown_BC -->
        <test-method status="PASS" signature="Create_MD_Publication()[pri:0, instance:Flows.Markdown@56ef9176]" name="Create_MD_Publication" duration-ms="4584" started-at="2023-03-02T06:32:21Z" finished-at="2023-03-02T06:32:26Z">
          <reporter-output>
          </reporter-output>
        </test-method> <!-- Create_MD_Publication -->
        <test-method status="PASS" signature="Markdown_AM()[pri:0, instance:Flows.Markdown@56ef9176]" name="Markdown_AM" is-config="true" duration-ms="3" started-at="2023-03-02T06:32:26Z" finished-at="2023-03-02T06:32:26Z">
          <reporter-output>
          </reporter-output>
        </test-method> <!-- Markdown_AM -->
      </class> <!-- Flows.Markdown -->
    </test> <!-- RegressionTest -->
  </suite> <!-- RegressionSuite -->
</testng-results>
