<?xml version="1.0" encoding="UTF-8"?>
<!-- Generated by org.testng.reporters.JUnitXMLReporter -->
<testsuite hostname="madank-z02" ignored="3" name="RegressionTest" tests="1" failures="0" timestamp="02 Mar 2023 06:32:26 GMT" time="4.785" errors="0">
  <testcase name="Create_MD_Publication" time="4.584" classname="Flows.Markdown"/>
  <testcase name="Send_MD_For_translation" time="0.0" classname="Flows.Markdown">
    <ignored/>
  </testcase> <!-- Send_MD_For_translation -->
  <testcase name="Delete_MD" time="0.0" classname="Flows.Markdown">
    <ignored/>
  </testcase> <!-- Delete_MD -->
  <testcase name="Publish_MD" time="0.0" classname="Flows.Markdown">
    <ignored/>
  </testcase> <!-- Publish_MD -->
</testsuite> <!-- RegressionTest -->
